********************************************************************************
Command Line: .\fciv.exe -r .\GBOSB1A_BTWLAN_TestItem.xml -xml .\GBOSB1A_BTWLAN_TestItem_MD5.xml 

********************************************************************************
Command Line: .\fciv.exe -r .\GBOSB1A_BTWLAN_TestItem.xml -xml .\GBOSB1A_BTWLAN_TestItem_MD5.xml 

********************************************************************************
Command Line: .\fciv.exe -r .\GBOSB1A_BTWLAN_TestItem.xml -xml .\GBOSB1A_BTWLAN_TestItem_MD5.xml 

********************************************************************************
Command Line: .\fciv.exe -r .\GBOSB1A_BTWLAN_TestItem.xml -xml .\GBOSB1A_BTWLAN_TestItem_MD5.xml 

********************************************************************************
Command Line: .\fciv.exe -r .\GBOSB1A_BTWLAN_TestItem.xml -xml .\GBOSB1A_BTWLAN_TestItem_MD5.xml 

********************************************************************************
Command Line: .\fciv.exe -r .\GBOSB1A_BTWLAN_TestItem.xml -xml .\GBOSB1A_BTWLAN_TestItem_MD5.xml 

********************************************************************************
Command Line: .\fciv.exe -r .\GBOSB1A_BTWLAN_TestItem.xml -xml .\GBOSB1A_BTWLAN_TestItem_MD5.xml 

********************************************************************************
Command Line: .\fciv.exe -r .\GBOSB1A_BTWLAN_TestItem.xml -xml .\GBOSB1A_BTWLAN_TestItem_MD5.xml 

********************************************************************************
Command Line: .\fciv.exe -r .\GBOSB1A_BTWLAN_TestItem.xml -xml .\GBOSB1A_BTWLAN_TestItem_MD5.xml 

********************************************************************************
Command Line: .\fciv.exe -r .\GBOSB1A_BTWLAN_TestItem.xml -xml .\GBOSB1A_BTWLAN_TestItem_MD5.xml 

********************************************************************************
Command Line: .\fciv.exe -r .\GBOSB1A_BTWLAN_TestItem.xml -xml .\GBOSB1A_BTWLAN_TestItem_MD5.xml 

********************************************************************************
Command Line: fciv -r D:\03.Factory\05_Boston_prepare\02.Boston_EVT2_2\V1.000\T-LINE\BOSTON_BTWLAN_20130226_CIM\MD5\ErrorCodeDef -xml D:\03.Factory\05_Boston_prepare\02.Boston_EVT2_2\V1.000\T-LINE\BOSTON_BTWLAN_20130226_CIM\MD5\Errorcode_MD5.xml 

********************************************************************************
Command Line: .\fciv.exe -r .\GBOSB1A_BTWLAN_TestItem.xml -xml .\GBOSB1A_BTWLAN_TestItem_MD5.xml 

********************************************************************************
Command Line: .\fciv.exe -r .\GBOSB2A_BTWLAN_TestItem.xml -xml .\GBOSB2A_BTWLAN_TestItem_MD5.xml 

********************************************************************************
Command Line: .\fciv.exe -r .\GBOSB2A_BTWLAN_TestItem.xml -xml .\GBOSB2A_BTWLAN_TestItem_MD5.xml 

********************************************************************************
Command Line: .\fciv.exe -r .\GBOSB2A_BTWLAN_TestItem.xml -xml .\GBOSB2A_BTWLAN_TestItem_MD5.xml 

********************************************************************************
Command Line: .\fciv.exe -r .\GBOSB2A_BTWLAN_TestItem.xml -xml .\GBOSB2A_BTWLAN_TestItem_MD5.xml 

********************************************************************************
Command Line: .\fciv.exe -r .\GBOSB2A_BTWLAN_TestItem.xml -xml .\GBOSB2A_BTWLAN_TestItem_MD5.xml 

********************************************************************************
Command Line: .\fciv.exe -r .\GBOSB2A_BTWLAN_TestItem.xml -xml .\GBOSB2A_BTWLAN_TestItem_MD5.xml 

********************************************************************************
Command Line: .\fciv.exe -r .\GBOSB2A_BTWLAN_TestItem.xml -xml .\GBOSB2A_BTWLAN_TestItem_MD5.xml 

********************************************************************************
Command Line: fciv -r UnifyUI_FacTestTool.exe -xml MD5.xml 

unifyui_factesttool.exe\*
	Error msg  : 系統找不到指定的路徑。
	Error code : 3

********************************************************************************
Command Line: fciv -r UnifyUI_FacTestTool.exe -xml MD5.xml 

unifyui_factesttool.exe\*
	Error msg  : 系統找不到指定的路徑。
	Error code : 3

********************************************************************************
Command Line: .\fciv.exe -r .\GBOSB2A_BTWLAN_TestItem.xml -xml .\GBOSB2A_BTWLAN_TestItem_MD5.xml 

********************************************************************************
Command Line: .\fciv.exe -r .\GSAPB1A_BTWLAN_TestItem.xml -xml .\GSAPB1A_BTWLAN_TestItem_MD5.xml 

********************************************************************************
Command Line: .\fciv.exe -r .\GSAPB1A_BTWLAN_TestItem.xml -xml .\GSAPB1A_BTWLAN_TestItem_MD5.xml 

********************************************************************************
Command Line: .\fciv.exe -r .\GSAPB1A_BTWLAN_TestItem.xml -xml .\GSAPB1A_BTWLAN_TestItem_MD5.xml 

********************************************************************************
Command Line: .\fciv.exe -r .\GSAPB1A_BTWLAN_TestItem.xml -xml .\GSAPB1A_BTWLAN_TestItem_MD5.xml 

********************************************************************************
Command Line: .\fciv.exe -r .\GSAPB1A_BTWLAN_TestItem.xml -xml .\GSAPB1A_BTWLAN_TestItem_MD5.xml 

********************************************************************************
Command Line: .\fciv.exe -r .\GSAPB1A_BTWLAN_TestItem.xml -xml .\GSAPB1A_BTWLAN_TestItem_MD5.xml 

********************************************************************************
Command Line: .\fciv.exe -r .\GSAPB1A_BTWLAN_TestItem.xml -xml .\GSAPB1A_BTWLAN_TestItem_MD5.xml 

********************************************************************************
Command Line: .\fciv.exe -r .\GSAPB1A_BTWLAN_TestItem.xml -xml .\GSAPB1A_BTWLAN_TestItem_MD5.xml 

********************************************************************************
Command Line: .\fciv.exe -r .\GSAPB1A_BTWLAN_TestItem.xml -xml .\GSAPB1A_BTWLAN_TestItem_MD5.xml 

********************************************************************************
Command Line: .\fciv.exe -r .\GSAPB1A_BTWLAN_TestItem.xml -xml .\GSAPB1A_BTWLAN_TestItem_MD5.xml 

********************************************************************************
Command Line: .\fciv.exe -r .\GSAPB1A_BTWLAN_TestItem.xml -xml .\GSAPB1A_BTWLAN_TestItem_MD5.xml 

********************************************************************************
Command Line: .\fciv.exe -r .\GSAPB1A_BTWLAN_TestItem.xml -xml .\GSAPB1A_BTWLAN_TestItem_MD5.xml 

********************************************************************************
Command Line: .\fciv.exe -r .\GSAPB1A_BTWLAN_TestItem.xml -xml .\GSAPB1A_BTWLAN_TestItem_MD5.xml 

********************************************************************************
Command Line: .\fciv.exe -r .\GSAPB1A_BTWLAN_TestItem.xml -xml .\GSAPB1A_BTWLAN_TestItem_MD5.xml 

********************************************************************************
Command Line: fciv -r ..\Qisda\GSAPB1A_BTWLAN_TestItem.xml -xml GSAPB1A_BTWLAN_TestItem_MD5.xml 

********************************************************************************
Command Line: fciv -r ErrorCodeDef -xml Errorcode_MD5.xml 

********************************************************************************
Command Line: fciv -r ..\UnifyUI_FacTestTool.exe -xml ..\MD5.xml 

********************************************************************************
Command Line: fciv -r ..\Qisda\GSAPB1A_BTWLAN_TestItem.xml -xml GSAPB1A_BTWLAN_TestItem_MD5.xml 

********************************************************************************
Command Line: fciv -r ErrorCodeDef -xml Errorcode_MD5.xml 

********************************************************************************
Command Line: fciv -r ..\UnifyUI_FacTestTool.exe -xml ..\MD5.xml 

********************************************************************************
Command Line: fciv -r ..\Qisda\GSAPB1A_BTWLAN_TestItem.xml -xml GSAPB1A_BTWLAN_TestItem_MD5.xml 

********************************************************************************
Command Line: fciv -r ErrorCodeDef -xml Errorcode_MD5.xml 

********************************************************************************
Command Line: fciv -r ..\UnifyUI_FacTestTool.exe -xml ..\MD5.xml 

********************************************************************************
Command Line: fciv -r ..\Qisda\GSAPB1A_BTWLAN_TestItem.xml -xml GSAPB1A_BTWLAN_TestItem_MD5.xml 

********************************************************************************
Command Line: fciv -r ErrorCodeDef -xml Errorcode_MD5.xml 

********************************************************************************
Command Line: fciv -r ..\UnifyUI_FacTestTool.exe -xml ..\MD5.xml 

********************************************************************************
Command Line: fciv -r ..\Qisda\GF01B1A_BTWLAN_TestItem.xml -xml GF01B1A_BTWLAN_TestItem_MD5.xml 

********************************************************************************
Command Line: fciv -r ErrorCodeDef -xml Errorcode_MD5.xml 

********************************************************************************
Command Line: fciv -r ..\UnifyUI_FacTestTool.exe -xml ..\MD5.xml 

********************************************************************************
Command Line: fciv -r ..\Qisda\GF01B1A_BTWLAN_TestItem.xml -xml GF01B1A_BTWLAN_TestItem_MD5.xml 

********************************************************************************
Command Line: fciv -r ErrorCodeDef -xml Errorcode_MD5.xml 

********************************************************************************
Command Line: fciv -r ..\UnifyUI_FacTestTool.exe -xml ..\MD5.xml 

********************************************************************************
Command Line: fciv -r ..\Qisda\GF01B1A_BTWLAN_TestItem.xml -xml GF01B1A_BTWLAN_TestItem_MD5.xml 

********************************************************************************
Command Line: fciv -r ErrorCodeDef -xml Errorcode_MD5.xml 

********************************************************************************
Command Line: fciv -r ..\UnifyUI_FacTestTool.exe -xml ..\MD5.xml 

********************************************************************************
Command Line: fciv -r ..\Qisda\GF01B1A_BTWLAN_TestItem.xml -xml GF01B1A_BTWLAN_TestItem_MD5.xml 

********************************************************************************
Command Line: fciv -r ErrorCodeDef -xml Errorcode_MD5.xml 

********************************************************************************
Command Line: fciv -r ..\UnifyUI_FacTestTool.exe -xml ..\MD5.xml 

********************************************************************************
Command Line: fciv -r ..\Qisda\GF01B1A_BTWLAN_TestItem.xml -xml GF01B1A_BTWLAN_TestItem_MD5.xml 

********************************************************************************
Command Line: fciv -r ErrorCodeDef -xml Errorcode_MD5.xml 

********************************************************************************
Command Line: fciv -r ..\UnifyUI_FacTestTool.exe -xml ..\MD5.xml 

********************************************************************************
Command Line: fciv -r ..\Qisda\GF01B1A_BTWLAN_TestItem.xml -xml GF01B1A_BTWLAN_TestItem_MD5.xml 

********************************************************************************
Command Line: fciv -r ErrorCodeDef -xml Errorcode_MD5.xml 

********************************************************************************
Command Line: fciv -r ..\UnifyUI_FacTestTool.exe -xml ..\MD5.xml 

********************************************************************************
Command Line: fciv -r ..\Qisda\GF01B1A_BTWLAN_TestItem.xml -xml GF01B1A_BTWLAN_TestItem_MD5.xml 

********************************************************************************
Command Line: fciv -r ErrorCodeDef -xml Errorcode_MD5.xml 

********************************************************************************
Command Line: fciv -r ..\UnifyUI_FacTestTool.exe -xml ..\MD5.xml 

********************************************************************************
Command Line: fciv -r ..\Qisda\GF01B1A_BTWLAN_TestItem.xml -xml GF01B1A_BTWLAN_TestItem_MD5.xml 

********************************************************************************
Command Line: fciv -r ErrorCodeDef -xml Errorcode_MD5.xml 

********************************************************************************
Command Line: fciv -r ..\UnifyUI_FacTestTool.exe -xml ..\MD5.xml 

********************************************************************************
Command Line: fciv -r ..\Qisda\GF01B3A_BTWLAN_TestItem.xml -xml GF01B3A_BTWLAN_TestItem_MD5.xml 

********************************************************************************
Command Line: fciv -r ErrorCodeDef -xml Errorcode_MD5.xml 

********************************************************************************
Command Line: fciv -r ..\UnifyUI_FacTestTool.exe -xml ..\MD5.xml 

********************************************************************************
Command Line: fciv -r ..\Qisda\GF01B3A_BTWLAN_TestItem.xml -xml GF01B3A_BTWLAN_TestItem_MD5.xml 

********************************************************************************
Command Line: fciv -r ErrorCodeDef -xml Errorcode_MD5.xml 

********************************************************************************
Command Line: fciv -r ..\UnifyUI_FacTestTool.exe -xml ..\MD5.xml 

********************************************************************************
Command Line: fciv -r ..\Qisda\GF01B3A_BTWLAN_TestItem.xml -xml GF01B3A_BTWLAN_TestItem_MD5.xml 

********************************************************************************
Command Line: fciv -r ErrorCodeDef -xml Errorcode_MD5.xml 

********************************************************************************
Command Line: fciv -r ..\UnifyUI_FacTestTool.exe -xml ..\MD5.xml 

********************************************************************************
Command Line: fciv -r ..\Qisda\GF01B3A_BTWLAN_TestItem.xml -xml GF01B3A_BTWLAN_TestItem_MD5.xml 

********************************************************************************
Command Line: fciv -r ErrorCodeDef -xml Errorcode_MD5.xml 

********************************************************************************
Command Line: fciv -r ..\UnifyUI_FacTestTool.exe -xml ..\MD5.xml 

********************************************************************************
Command Line: fciv -r ..\Qisda\GF01B6A_BTWLAN_TestItem.xml -xml GF01B6A_BTWLAN_TestItem_MD5.xml 

********************************************************************************
Command Line: fciv -r ErrorCodeDef -xml Errorcode_MD5.xml 

********************************************************************************
Command Line: fciv -r ..\UnifyUI_FacTestTool.exe -xml ..\MD5.xml 

********************************************************************************
Command Line: fciv -r ..\Qisda\GF01B6A_BTWLAN_TestItem.xml -xml GF01B6A_BTWLAN_TestItem_MD5.xml 

********************************************************************************
Command Line: fciv -r ErrorCodeDef -xml Errorcode_MD5.xml 

********************************************************************************
Command Line: fciv -r ..\UnifyUI_FacTestTool.exe -xml ..\MD5.xml 

********************************************************************************
Command Line: fciv -r ..\Qisda\GF01B7A_BTWLAN_TestItem.xml -xml GF01B7A_BTWLAN_TestItem_MD5.xml 

********************************************************************************
Command Line: fciv -r ErrorCodeDef -xml Errorcode_MD5.xml 

********************************************************************************
Command Line: fciv -r ..\UnifyUI_FacTestTool.exe -xml ..\MD5.xml 

********************************************************************************
Command Line: fciv -r ..\Qisda\GF01B7A_BTWLAN_TestItem.xml -xml GF01B7A_BTWLAN_TestItem_MD5.xml 

********************************************************************************
Command Line: fciv -r ErrorCodeDef -xml Errorcode_MD5.xml 

********************************************************************************
Command Line: fciv -r ..\UnifyUI_FacTestTool.exe -xml ..\MD5.xml 

********************************************************************************
Command Line: fciv -r ..\Qisda\GF01B8A_BTWLAN_TestItem.xml -xml GF01B8A_BTWLAN_TestItem_MD5.xml 

********************************************************************************
Command Line: fciv -r ErrorCodeDef -xml Errorcode_MD5.xml 

********************************************************************************
Command Line: fciv -r ..\UnifyUI_FacTestTool.exe -xml ..\MD5.xml 

********************************************************************************
Command Line: fciv -r ..\Qisda\GF01B8A_BTWLAN_TestItem.xml -xml GF01B8A_BTWLAN_TestItem_MD5.xml 

********************************************************************************
Command Line: fciv -r ErrorCodeDef -xml Errorcode_MD5.xml 

********************************************************************************
Command Line: fciv -r ..\UnifyUI_FacTestTool.exe -xml ..\MD5.xml 

********************************************************************************
Command Line: fciv -r ..\Qisda\GT47B1A_BTWLAN_TestItem.xml -xml GT47B1A_BTWLAN_TestItem_MD5.xml 

********************************************************************************
Command Line: fciv -r ErrorCodeDef -xml Errorcode_MD5.xml 

********************************************************************************
Command Line: fciv -r ..\UnifyUI_FacTestTool.exe -xml ..\MD5.xml 

********************************************************************************
Command Line: fciv -r ..\Qisda\GT47B1A_BTWLAN_TestItem.xml -xml GT47B1A_BTWLAN_TestItem_MD5.xml 

********************************************************************************
Command Line: fciv -r ErrorCodeDef -xml Errorcode_MD5.xml 

********************************************************************************
Command Line: fciv -r ..\UnifyUI_FacTestTool.exe -xml ..\MD5.xml 

********************************************************************************
Command Line: fciv -r ..\Qisda\GT47B1A_BTWLAN_TestItem.xml -xml GT47B1A_BTWLAN_TestItem_MD5.xml 

********************************************************************************
Command Line: fciv -r ..\Qisda\GT47B1A_BTWLAN_TestItem.xml -xml GT47B1A_BTWLAN_TestItem_MD5.xml 

********************************************************************************
Command Line: fciv -r ..\Qisda\GT47B1A_BTWLAN_TestItem.xml -xml GT47B1A_BTWLAN_TestItem_MD5.xml 

********************************************************************************
Command Line: fciv -r ErrorCodeDef -xml Errorcode_MD5.xml 

********************************************************************************
Command Line: fciv -r ..\UnifyUI_FacTestTool.exe -xml ..\MD5.xml 

********************************************************************************
Command Line: fciv -r ..\Qisda\GT47B1A_BTWLAN_TestItem.xml -xml GT47B1A_BTWLAN_TestItem_MD5.xml 

********************************************************************************
Command Line: fciv -r ErrorCodeDef -xml Errorcode_MD5.xml 

********************************************************************************
Command Line: fciv -r ..\UnifyUI_FacTestTool.exe -xml ..\MD5.xml 

********************************************************************************
Command Line: fciv -r ..\Qisda\GF80B1A_BTWLAN_TestItem.xml -xml GF80B1A_BTWLAN_TestItem_MD5.xml 

********************************************************************************
Command Line: fciv -r ErrorCodeDef -xml Errorcode_MD5.xml 

********************************************************************************
Command Line: fciv -r ..\UnifyUI_FacTestTool.exe -xml ..\MD5.xml 

********************************************************************************
Command Line: fciv -r ..\Qisda\GF80B1A_BTWLAN_TestItem.xml -xml GF80B1A_BTWLAN_TestItem_MD5.xml 

********************************************************************************
Command Line: fciv -r ErrorCodeDef -xml Errorcode_MD5.xml 

********************************************************************************
Command Line: fciv -r ..\UnifyUI_FacTestTool.exe -xml ..\MD5.xml 

********************************************************************************
Command Line: fciv -r ..\Qisda\GF80B1A_BTWLAN_TestItem.xml -xml GF80B1A_BTWLAN_TestItem_MD5.xml 

********************************************************************************
Command Line: fciv -r ErrorCodeDef -xml Errorcode_MD5.xml 

********************************************************************************
Command Line: fciv -r ..\UnifyUI_FacTestTool.exe -xml ..\MD5.xml 

********************************************************************************
Command Line: fciv -r ..\Qisda\GF80B1A_BTWLAN_TestItem.xml -xml GF80B1A_BTWLAN_TestItem_MD5.xml 

********************************************************************************
Command Line: fciv -r ErrorCodeDef -xml Errorcode_MD5.xml 

********************************************************************************
Command Line: fciv -r ..\UnifyUI_FacTestTool.exe -xml ..\MD5.xml 

********************************************************************************
Command Line: fciv -r ..\Qisda\GF80B1A_BTWLAN_TestItem.xml -xml GF80B1A_BTWLAN_TestItem_MD5.xml 

********************************************************************************
Command Line: fciv -r ErrorCodeDef -xml Errorcode_MD5.xml 

********************************************************************************
Command Line: fciv -r ..\UnifyUI_FacTestTool.exe -xml ..\MD5.xml 

********************************************************************************
Command Line: fciv -r ..\Qisda\GF80B1A_BTWLAN_TestItem.xml -xml GF80B1A_BTWLAN_TestItem_MD5.xml 

********************************************************************************
Command Line: fciv -r ErrorCodeDef -xml Errorcode_MD5.xml 

********************************************************************************
Command Line: fciv -r ..\UnifyUI_FacTestTool.exe -xml ..\MD5.xml 

